Project "koj.tmp.proj" (default targets):
	ios Build Tooling revision 2015.6.7.1r
	Warning: npm
	Warning: http GET http://registry.cordova.io/com.telerik.zip
	Warning: npm
	Warning: http 304
	Warning: http://registry.cordova.io/com.telerik.zip
	Warning: npm
	Warning: http GET http://registry.cordova.io/com.telerik.afnetworking
	Warning: npm
	Warning: http 304 http://registry.cordova.io/com.telerik.afnetworking
	Warning: [xcode-build] Copy /tmp/builds/u5kZSE7gqMgFxrYvn6/app/Cordova370/Resources/Default-736h.png: libpng warning: Warning: Input PNG does not have an 8 bit input depth.  Please convert your PNG to 8-bit for optimal performance on iPhone OS.
	Warning: [xcode-build] Copy /tmp/builds/u5kZSE7gqMgFxrYvn6/app/Cordova370/Resources/Default-Landscape-736h.png: libpng warning: Warning: Input PNG does not have an 8 bit input depth.  Please convert your PNG to 8-bit for optimal performance on iPhone OS.
	Warning: [xcode-build] Compile /tmp/builds/u5kZSE7gqMgFxrYvn6/app/Cordova370/Plugins/org.apache.cordova.media/CDVSound.m: /tmp/builds/u5kZSE7gqMgFxrYvn6/app/Cordova370/Plugins/org.apache.cordova.media/CDVSound.m:533:187: warning: 'toSuccessCallbackString:' is deprecated: Deprecated in Cordova 3.6. Use the CDVCommandDelegate method sendPluginResult:callbackId instead. This will be removed in 4.0.0 [-Wdeprecated-declarations]
In file included from /tmp/builds/u5kZSE7gqMgFxrYvn6/app/Cordova370/Plugins/org.apache.cordova.media/CDVSound.m:20:
In file included from /tmp/builds/u5kZSE7gqMgFxrYvn6/app/Cordova370/Plugins/org.apache.cordova.media/CDVSound.h:24:
In file included from /tmp/builds/u5kZSE7gqMgFxrYvn6/app/build/include/Cordova/CDVPlugin.h:22:
/tmp/builds/u5kZSE7gqMgFxrYvn6/app/build/include/Cordova/CDVPluginResult.h:67:1: note: 'toSuccessCallbackString:' has been explicitly marked deprecated here
	Warning: [xcode-build] Compile /tmp/builds/u5kZSE7gqMgFxrYvn6/app/Cordova370/Plugins/org.apache.cordova.media-capture/CDVCapture.m: /tmp/builds/u5kZSE7gqMgFxrYvn6/app/Cordova370/Plugins/org.apache.cordova.media-capture/CDVCapture.m:565:13: warning: 'CDV_IsIPad' is deprecated: Deprecated in Cordova 3.7.0. This will be removed in 4.0.0 [-Wdeprecated-declarations]
In file included from /tmp/builds/u5kZSE7gqMgFxrYvn6/app/Cordova370/Plugins/org.apache.cordova.media-capture/CDVCapture.m:20:
In file included from /tmp/builds/u5kZSE7gqMgFxrYvn6/app/Cordova370/Plugins/org.apache.cordova.media-capture/CDVCapture.h:23:
In file included from /tmp/builds/u5kZSE7gqMgFxrYvn6/app/build/include/Cordova/CDVPlugin.h:22:
In file included from /tmp/builds/u5kZSE7gqMgFxrYvn6/app/build/include/Cordova/CDVPluginResult.h:21:
In file included from /tmp/builds/u5kZSE7gqMgFxrYvn6/app/build/include/Cordova/CDVAvailability.h:20:
/tmp/builds/u5kZSE7gqMgFxrYvn6/app/build/include/Cordova/CDVAvailabilityDeprecated.h:32:20: note: 'CDV_IsIPad' has been explicitly marked deprecated here
/tmp/builds/u5kZSE7gqMgFxrYvn6/app/Cordova370/Plugins/org.apache.cordova.media-capture/CDVCapture.m:604:9: warning: 'CDV_IsIPhone5' is deprecated: Deprecated in Cordova 3.7.0. This will be removed in 4.0.0 [-Wdeprecated-declarations]
In file included from /tmp/builds/u5kZSE7gqMgFxrYvn6/app/Cordova370/Plugins/org.apache.cordova.media-capture/CDVCapture.m:20:
In file included from /tmp/builds/u5kZSE7gqMgFxrYvn6/app/Cordova370/Plugins/org.apache.cordova.media-capture/CDVCapture.h:23:
In file included from /tmp/builds/u5kZSE7gqMgFxrYvn6/app/build/include/Cordova/CDVPlugin.h:22:
In file included from /tmp/builds/u5kZSE7gqMgFxrYvn6/app/build/include/Cordova/CDVPluginResult.h:21:
In file included from /tmp/builds/u5kZSE7gqMgFxrYvn6/app/build/include/Cordova/CDVAvailability.h:20:
/tmp/builds/u5kZSE7gqMgFxrYvn6/app/build/include/Cordova/CDVAvailabilityDeprecated.h:36:20: note: 'CDV_IsIPhone5' has been explicitly marked deprecated here
	Warning: [xcode-build] Compile /tmp/builds/u5kZSE7gqMgFxrYvn6/app/Cordova370/Plugins/org.apache.cordova.splashscreen/CDVSplashScreen.m: /tmp/builds/u5kZSE7gqMgFxrYvn6/app/Cordova370/Plugins/org.apache.cordova.splashscreen/CDVSplashScreen.m:237:60: warning: 'CDV_IsIPad' is deprecated: Deprecated in Cordova 3.7.0. This will be removed in 4.0.0 [-Wdeprecated-declarations]
In file included from /tmp/builds/u5kZSE7gqMgFxrYvn6/app/Cordova370/Plugins/org.apache.cordova.splashscreen/CDVSplashScreen.m:20:
In file included from /tmp/builds/u5kZSE7gqMgFxrYvn6/app/Cordova370/Plugins/org.apache.cordova.splashscreen/CDVSplashScreen.h:21:
In file included from /tmp/builds/u5kZSE7gqMgFxrYvn6/app/build/include/Cordova/CDVPlugin.h:22:
In file included from /tmp/builds/u5kZSE7gqMgFxrYvn6/app/build/include/Cordova/CDVPluginResult.h:21:
In file included from /tmp/builds/u5kZSE7gqMgFxrYvn6/app/build/include/Cordova/CDVAvailability.h:20:
/tmp/builds/u5kZSE7gqMgFxrYvn6/app/build/include/Cordova/CDVAvailabilityDeprecated.h:32:20: note: 'CDV_IsIPad' has been explicitly marked deprecated here
	Warning: [xcode-build] Compile /tmp/builds/u5kZSE7gqMgFxrYvn6/app/Cordova370/Plugins/org.apache.cordova.file/CDVLocalFilesystem.m: /tmp/builds/u5kZSE7gqMgFxrYvn6/app/Cordova370/Plugins/org.apache.cordova.file/CDVLocalFilesystem.m:438:93: warning: implicit conversion loses integer precision: 'NSUInteger' (aka 'unsigned long') to 'int' [-Wshorten-64-to-32]
	Warning: [xcode-build] Compile /tmp/builds/u5kZSE7gqMgFxrYvn6/app/Cordova370/Plugins/org.apache.cordova.file-transfer/CDVFileTransfer.m: /tmp/builds/u5kZSE7gqMgFxrYvn6/app/Cordova370/Plugins/org.apache.cordova.file-transfer/CDVFileTransfer.m:642:29: warning: implicit conversion loses integer precision: 'NSInteger' (aka 'long') to 'int' [-Wshorten-64-to-32]
	Warning: [xcode-build] Compile /tmp/builds/u5kZSE7gqMgFxrYvn6/app/Cordova370/Plugins/org.apache.cordova.media/CDVSound.m: /tmp/builds/u5kZSE7gqMgFxrYvn6/app/Cordova370/Plugins/org.apache.cordova.media/CDVSound.m:533:187: warning: 'toSuccessCallbackString:' is deprecated: Deprecated in Cordova 3.6. Use the CDVCommandDelegate method sendPluginResult:callbackId instead. This will be removed in 4.0.0 [-Wdeprecated-declarations]
In file included from /tmp/builds/u5kZSE7gqMgFxrYvn6/app/Cordova370/Plugins/org.apache.cordova.media/CDVSound.m:20:
In file included from /tmp/builds/u5kZSE7gqMgFxrYvn6/app/Cordova370/Plugins/org.apache.cordova.media/CDVSound.h:24:
In file included from /tmp/builds/u5kZSE7gqMgFxrYvn6/app/build/include/Cordova/CDVPlugin.h:22:
/tmp/builds/u5kZSE7gqMgFxrYvn6/app/build/include/Cordova/CDVPluginResult.h:67:1: note: 'toSuccessCallbackString:' has been explicitly marked deprecated here
	Warning: [xcode-build] Compile /tmp/builds/u5kZSE7gqMgFxrYvn6/app/Cordova370/Plugins/org.apache.cordova.media-capture/CDVCapture.m: /tmp/builds/u5kZSE7gqMgFxrYvn6/app/Cordova370/Plugins/org.apache.cordova.media-capture/CDVCapture.m:565:13: warning: 'CDV_IsIPad' is deprecated: Deprecated in Cordova 3.7.0. This will be removed in 4.0.0 [-Wdeprecated-declarations]
In file included from /tmp/builds/u5kZSE7gqMgFxrYvn6/app/Cordova370/Plugins/org.apache.cordova.media-capture/CDVCapture.m:20:
In file included from /tmp/builds/u5kZSE7gqMgFxrYvn6/app/Cordova370/Plugins/org.apache.cordova.media-capture/CDVCapture.h:23:
In file included from /tmp/builds/u5kZSE7gqMgFxrYvn6/app/build/include/Cordova/CDVPlugin.h:22:
In file included from /tmp/builds/u5kZSE7gqMgFxrYvn6/app/build/include/Cordova/CDVPluginResult.h:21:
In file included from /tmp/builds/u5kZSE7gqMgFxrYvn6/app/build/include/Cordova/CDVAvailability.h:20:
/tmp/builds/u5kZSE7gqMgFxrYvn6/app/build/include/Cordova/CDVAvailabilityDeprecated.h:32:20: note: 'CDV_IsIPad' has been explicitly marked deprecated here
/tmp/builds/u5kZSE7gqMgFxrYvn6/app/Cordova370/Plugins/org.apache.cordova.media-capture/CDVCapture.m:604:9: warning: 'CDV_IsIPhone5' is deprecated: Deprecated in Cordova 3.7.0. This will be removed in 4.0.0 [-Wdeprecated-declarations]
In file included from /tmp/builds/u5kZSE7gqMgFxrYvn6/app/Cordova370/Plugins/org.apache.cordova.media-capture/CDVCapture.m:20:
In file included from /tmp/builds/u5kZSE7gqMgFxrYvn6/app/Cordova370/Plugins/org.apache.cordova.media-capture/CDVCapture.h:23:
In file included from /tmp/builds/u5kZSE7gqMgFxrYvn6/app/build/include/Cordova/CDVPlugin.h:22:
In file included from /tmp/builds/u5kZSE7gqMgFxrYvn6/app/build/include/Cordova/CDVPluginResult.h:21:
In file included from /tmp/builds/u5kZSE7gqMgFxrYvn6/app/build/include/Cordova/CDVAvailability.h:20:
/tmp/builds/u5kZSE7gqMgFxrYvn6/app/build/include/Cordova/CDVAvailabilityDeprecated.h:36:20: note: 'CDV_IsIPhone5' has been explicitly marked deprecated here
	Warning: [xcode-build] Compile /tmp/builds/u5kZSE7gqMgFxrYvn6/app/Cordova370/Plugins/org.apache.cordova.splashscreen/CDVSplashScreen.m: /tmp/builds/u5kZSE7gqMgFxrYvn6/app/Cordova370/Plugins/org.apache.cordova.splashscreen/CDVSplashScreen.m:237:60: warning: 'CDV_IsIPad' is deprecated: Deprecated in Cordova 3.7.0. This will be removed in 4.0.0 [-Wdeprecated-declarations]
In file included from /tmp/builds/u5kZSE7gqMgFxrYvn6/app/Cordova370/Plugins/org.apache.cordova.splashscreen/CDVSplashScreen.m:20:
In file included from /tmp/builds/u5kZSE7gqMgFxrYvn6/app/Cordova370/Plugins/org.apache.cordova.splashscreen/CDVSplashScreen.h:21:
In file included from /tmp/builds/u5kZSE7gqMgFxrYvn6/app/build/include/Cordova/CDVPlugin.h:22:
In file included from /tmp/builds/u5kZSE7gqMgFxrYvn6/app/build/include/Cordova/CDVPluginResult.h:21:
In file included from /tmp/builds/u5kZSE7gqMgFxrYvn6/app/build/include/Cordova/CDVAvailability.h:20:
/tmp/builds/u5kZSE7gqMgFxrYvn6/app/build/include/Cordova/CDVAvailabilityDeprecated.h:32:20: note: 'CDV_IsIPad' has been explicitly marked deprecated here
Done building project "koj.tmp.proj".
